1     						/*
2     						 * This file is automatically generated by CLIDE
3     						 */
4     						
5     						
6     						// From module_interface.c
7     	 0000					.extern _M70_CC_MCV
8     	 0000					.extern _M70_CC_PCT
9     	 0000					.extern _M70_CC_MALLOC_PTR
10    	 0000					.extern _M70_CC_MALLOCED
11    						
12    						
13    						// Subkernel interface 
14    	 0000					.extern X_M_S_SUBKERNEL_POSTMALLOC
15    	 0000					.extern X_M_S_SUBKERNEL_POSTKICKSTART
16    	 0000					.extern X_M_S_SUBKERNEL_BRICK
17    	 0000					.extern X_M_S_SUBKERNEL_FRAME
18    	 0000					.extern X_M_S_SUBKERNEL_PREMALLOC
19    	 0000					.extern X_M_S_SUBKERNEL_BG
20    	 0000					.extern X_VX_CC_SAMPLE_RATE
21    	 0000					.extern X_VX_CC_BLOCK_COUNT
22    	 0000				    .extern X_VX_CC_HEADROOM_ENABLED
23    						
24    						// Routines 
25    	 0000					.public _M70_CC_postKickstart
26    	 0000					.public _M70_CC_frame
27    	 0000					.public _M70_CC_brick
28    	 0000					.public _M70_CC_background
29    	 0000					.public _M70_CC_preMallocInit
30    	 0000					.public _M70_CC_postMallocInit
31    						
32    						X_M70_CC_my_brick_count .xdata_ovly
32     >> start of macro: .xdata_ovly
1+    									seg_single X_M70_CC_my_brick_count, "X_OVLY", X
1+     >> start of macro: seg_single
1+    						  .if ( "X_M70_CC_my_brick_count" != "" ) & defined( ___SegStart_X_X_M70_CC_my_brick_count )
2+    						X_M70_CC_my_brick_count    segment
3+    						  .else
4+    						X_M70_CC_my_brick_count    segment "X_OVLY"
5+    							.if "X_M70_CC_my_brick_count" != ""
6+    	 0000				___SegStart_X_X_M70_CC_my_brick_count
7+    							.endif
8+    						  .endif
9+    							#RememberSegmentType
10+    >> end of macro: seg_single
2+     >> end of macro: .xdata_ovly
33    	 0000				I_VX_MY_BRICK_COUNT .dw 0                       # brick count maintained by THIS module
	 0000	 00000000	 
34    						
35    						CODE_M70_CC .code_ovly
35     >> start of macro: .code_ovly
1+    									seg_single CODE_M70_CC, "CODE_OVLY", CODE
1+     >> start of macro: seg_single
1+    						  .if ( "CODE_M70_CC" != "" ) & defined( ___SegStart_CODE_CODE_M70_CC )
2+    						CODE_M70_CC    segment
3+    						  .else
4+    						CODE_M70_CC    segment "CODE_OVLY"
5+    							.if "CODE_M70_CC" != ""
6+    	 0000				___SegStart_CODE_CODE_M70_CC
7+    							.endif
8+    						  .endif
9+    							#RememberSegmentType
10+    >> end of macro: seg_single
2+     >> end of macro: .code_ovly
36    						
37    	 0000				_M70_CC_frame:
38    	 0000	 80040000		x0 = xmem[X_VX_CC_SAMPLE_RATE]
39    	 0001	 80C40000		ymem[_M70_CC_MCV] = x0              # update mcv[0] with current sample rate
40    	 0002	 B04A0000		i0 = (_M70_CC_PCT)
41    	 0003	 B14A0000		i1 = (_M70_CC_MALLOCED)
42    	 0004	 80080000		jmp X_M_S_SUBKERNEL_FRAME
43    						
44    	 0005				_M70_CC_brick:
45    	 0005	 88040000		a0 = xmem[I_VX_MY_BRICK_COUNT]
46    	 0006	 894A0001		uhalfword(a1) = (0x1)
47    	 0007	 49744408		a0 = a0 + a1;	nm0 = a1                    # increment local brick counter
48    	 0008	 98440000		xmem[I_VX_MY_BRICK_COUNT] = a0h
49    	 0009	 B04A0000		i0 = (_M70_CC_PCT)
50    	 000A	 B14A0000		i1 = (_M70_CC_MALLOCED)
51    	 000B	 80080000		jmp  X_M_S_SUBKERNEL_BRICK
52    						
53    						
54    	 000C				_M70_CC_background:
55    	 000C	 B04A0000		i0 = (_M70_CC_PCT)
56    	 000D	 B14A0000		i1 = (_M70_CC_MALLOCED)
57    	 000E	 80080000		jmp X_M_S_SUBKERNEL_BG
58    						
59    	 000F				_M70_CC_postKickstart:
60    	 000F	 804A0001	    uhalfword(x0) = (1)
61    	 0010	 80440000	    xmem[X_VX_CC_HEADROOM_ENABLED]=x0    
62    	 0011	 B04A0000		i0 = (_M70_CC_PCT)
63    	 0012	 B14A0000		i1 = (_M70_CC_MALLOCED)
64    	 0013	 B24A0000		i2 = (_M70_CC_MALLOC_PTR)
65    	 0014	 80080000		jmp X_M_S_SUBKERNEL_POSTKICKSTART
66    						
67    	 0015				_M70_CC_preMallocInit: 
68    	 0015	 B14A0000		i1 = (_M70_CC_MALLOCED)
69    	 0016	 B24A0000		i2 = (_M70_CC_MALLOC_PTR)
70    	 0017	 80080000		jmp X_M_S_SUBKERNEL_PREMALLOC
71    						
72    	 0018				_M70_CC_postMallocInit:
73    	 0018	 B04A0000		i0 = (_M70_CC_PCT)
74    	 0019	 B14A0000		i1 = (_M70_CC_MALLOCED)
75    	 001A	 B24A0000		i2 = (_M70_CC_MALLOC_PTR)
76    	 001B	 80080000		jmp X_M_S_SUBKERNEL_POSTMALLOC
77    						
78    						(null)
				 SYMBOL TABLE 

    Name                                                                                    Type                  Value 

CODE_M70_CC                                                                     			  Unused Relocatable        CODE_M70_CC:0000H
I_VX_MY_BRICK_COUNT                                                             			         Relocatable         X_M70_CC_my_brick_count:0000H
X_M70_CC_my_brick_count                                                         			  Unused Relocatable        X_M70_CC_my_brick_count:0000H
X_M_S_SUBKERNEL_BG                                                              					 External   
X_M_S_SUBKERNEL_BRICK                                                           					 External   
X_M_S_SUBKERNEL_FRAME                                                           					 External   
X_M_S_SUBKERNEL_POSTKICKSTART                                                   					 External   
X_M_S_SUBKERNEL_POSTMALLOC                                                      					 External   
X_M_S_SUBKERNEL_PREMALLOC                                                       					 External   
X_VX_CC_BLOCK_COUNT                                                             					 External   
X_VX_CC_HEADROOM_ENABLED                                                        					 External   
X_VX_CC_SAMPLE_RATE                                                             					 External   
_COMMON_INC_PATH_                                                               					 Define                 "C:/CirrusDSP_7_1_7/crystal32/common/inc/"
_DSP_                                                                           			  Unused Variable		        0 (0H)
_LOCAL_INC_PATH_                                                                					 Define                 "inc/"
_LOCAL_SRC_PATH_                                                                					 Define                 "src/"
_M70_CC_MALLOCED                                                                					 External   
_M70_CC_MALLOC_PTR                                                              					 External   
_M70_CC_MCV                                                                     					 External   
_M70_CC_PCT                                                                     					 External   
_M70_CC_background                                                              			  Public Relocatable       CODE_M70_CC:000CH
_M70_CC_brick                                                                   			  Public Relocatable       CODE_M70_CC:0005H
_M70_CC_frame                                                                   			  Public Relocatable       CODE_M70_CC:0000H
_M70_CC_postKickstart                                                           			  Public Relocatable       CODE_M70_CC:000FH
_M70_CC_postMallocInit                                                          			  Public Relocatable       CODE_M70_CC:0018H
_M70_CC_preMallocInit                                                           			  Public Relocatable       CODE_M70_CC:0015H
_ROUTER_INC_PATH_                                                               					 Define                 "rom_inc/"
__CASM_VER__                                                                    			  Unused Variable		        0 (701H)
___SegStart_CODE_CODE_M70_CC                                                    			  Unused Relocatable        CODE_M70_CC:0000H
___SegStart_X_X_M70_CC_my_brick_count                                           			  Unused Relocatable        X_M70_CC_my_brick_count:0000H

	       SEGMENTS:

Size			  Name										 Class
0000H	 __INIT                                  			 CODE                                    
0001H	 X_M70_CC_my_brick_count                 			 X_OVLY                                  
001CH	 CODE_M70_CC                             			 CODE_OVLY                               
