1     	 0000					.public _OUTPUT_GAIN2
2     	 0000					.public _OUTPUT_GAIN6
3     	 0000					.public _headroom_gain
4     	 0000					.public _input_gain
5     	 0000					.public _mode
6     	 0000					.public _tremoloBuffer
7     							.xdata_ovly
7      >> start of macro: .xdata_ovly
1+    									seg_single , "X_OVLY", X
1+     >> start of macro: seg_single
1+    						  .if ( "" != "" ) & defined( ___SegStart_X_ )
2+    						    segment
3+    						  .else
4+    						    segment "X_OVLY"
5+    							.if "" != ""
6+    						___SegStart_X_
7+    							.endif
8+    						  .endif
9+    							#RememberSegmentType
10+    >> end of macro: seg_single
2+     >> end of macro: .xdata_ovly
8     	 0000				_OUTPUT_GAIN2
9     	 0000					.dw  (0x65ac8a37)
	 0000	 65AC8A37	 
10    							.xdata_ovly
10     >> start of macro: .xdata_ovly
1+    									seg_single , "X_OVLY", X
1+     >> start of macro: seg_single
1+    						  .if ( "" != "" ) & defined( ___SegStart_X_ )
2+    						    segment
3+    						  .else
4+    						    segment "X_OVLY"
5+    							.if "" != ""
6+    						___SegStart_X_
7+    							.endif
8+    						  .endif
9+    							#RememberSegmentType
10+    >> end of macro: seg_single
2+     >> end of macro: .xdata_ovly
11    	 0000				_OUTPUT_GAIN6
12    	 0000					.dw  (0x4026aa8f)
	 0000	 4026AA8F	 
13    							.xdata_ovly
13     >> start of macro: .xdata_ovly
1+    									seg_single , "X_OVLY", X
1+     >> start of macro: seg_single
1+    						  .if ( "" != "" ) & defined( ___SegStart_X_ )
2+    						    segment
3+    						  .else
4+    						    segment "X_OVLY"
5+    							.if "" != ""
6+    						___SegStart_X_
7+    							.endif
8+    						  .endif
9+    							#RememberSegmentType
10+    >> end of macro: seg_single
2+     >> end of macro: .xdata_ovly
14    	 0000				_headroom_gain
15    	 0000					.dw  (0x0)
	 0000	 00000000	 
16    							.xdata_ovly
16     >> start of macro: .xdata_ovly
1+    									seg_single , "X_OVLY", X
1+     >> start of macro: seg_single
1+    						  .if ( "" != "" ) & defined( ___SegStart_X_ )
2+    						    segment
3+    						  .else
4+    						    segment "X_OVLY"
5+    							.if "" != ""
6+    						___SegStart_X_
7+    							.endif
8+    						  .endif
9+    							#RememberSegmentType
10+    >> end of macro: seg_single
2+     >> end of macro: .xdata_ovly
17    	 0000				_input_gain
18    	 0000					.dw  (0x0)
	 0000	 00000000	 
19    							.xdata_ovly
19     >> start of macro: .xdata_ovly
1+    									seg_single , "X_OVLY", X
1+     >> start of macro: seg_single
1+    						  .if ( "" != "" ) & defined( ___SegStart_X_ )
2+    						    segment
3+    						  .else
4+    						    segment "X_OVLY"
5+    							.if "" != ""
6+    						___SegStart_X_
7+    							.endif
8+    						  .endif
9+    							#RememberSegmentType
10+    >> end of macro: seg_single
2+     >> end of macro: .xdata_ovly
20    	 0000				_mode
21    	 0000					.bss (0x1)
22    							.ydata_ovly
22     >> start of macro: .ydata_ovly
1+    									seg_single , "Y_OVLY", Y
1+     >> start of macro: seg_single
1+    						  .if ( "" != "" ) & defined( ___SegStart_Y_ )
2+    						    segment
3+    						  .else
4+    						    segment "Y_OVLY"
5+    							.if "" != ""
6+    						___SegStart_Y_
7+    							.endif
8+    						  .endif
9+    							#RememberSegmentType
10+    >> end of macro: seg_single
2+     >> end of macro: .ydata_ovly
23    	 0000				_tremoloBuffer
24    	 0000					.bss (0x20)
25    						(null)
				 SYMBOL TABLE 

    Name                                                                                    Type                  Value 

_COMMON_INC_PATH_                                                               					 Define                 "C:/CirrusDSP/crystal32/common/inc/"
_DSP_                                                                           					 Define                 "a"
_LOCAL_INC_PATH_                                                                					 Define                 "inc/"
_LOCAL_SRC_PATH_                                                                					 Define                 "src/"
_MUI_VERSION_                                                                   					 Define                 "020000"
_OUTPUT_GAIN2                                                                   			  Public Relocatable       processing_GEN_0000:0000H
_OUTPUT_GAIN6                                                                   			  Public Relocatable       processing_GEN_0001:0000H
_OVLY_                                                                          					 Define                 "standalone"
_OVLY_REVISION_                                                                 					 Define                 "020000"
_ROUTER_INC_PATH_                                                               					 Define                 "rom_inc/"
_SLOT_                                                                          					 Define                 "0"
_TARGET_FAMILY_                                                                 					 Define                 "crystal32"
_TOOLS_VERSION_                                                                 					 Define                 "0x0701"
_VERSION_                                                                       					 Define                 "00"
__CASM_VER__                                                                    			  Unused Variable		        0 (701H)
_headroom_gain                                                                  			  Public Relocatable       processing_GEN_0002:0000H
_input_gain                                                                     			  Public Relocatable       processing_GEN_0003:0000H
_mode                                                                           			  Public Relocatable       processing_GEN_0004:0000H
_tremoloBuffer                                                                  			  Public Relocatable       processing_GEN_0005:0000H

	       SEGMENTS:

Size			  Name										 Class
0000H	 __INIT                                  			 CODE                                    
0001H	 processing_GEN_0000                     			 X_OVLY                                  
0001H	 processing_GEN_0001                     			 X_OVLY                                  
0001H	 processing_GEN_0002                     			 X_OVLY                                  
0001H	 processing_GEN_0003                     			 X_OVLY                                  
0001H	 processing_GEN_0004                     			 X_OVLY                                  
0020H	 processing_GEN_0005                     			 Y_OVLY                                  
